<?xml version="1.0" encoding="UTF-8"?>
<!-- Generated by org.testng.reporters.JUnitReportReporter -->
<testsuite hostname="ITSPUNE68" failures="0" tests="1" name="com.practice.tests.LoginTest" time="8.220" errors="0" timestamp="05 Jun 2025 09:46:27 GMT" skipped="0">
  <testcase classname="com.practice.tests.LoginTest" name="loginTest" time="8.220"/>
</testsuite> <!-- com.practice.tests.LoginTest -->
